2026-03-04 16:14:12 - root - INFO - Logging initialized - Log file: C:\Users\jonhy\StudioProjects\mad_google_map_extractor\src\logs\scraper_20260304_161412.log
2026-03-04 16:14:12 - Main - INFO - ==================================================
2026-03-04 16:14:12 - Main - INFO - Google Maps Scraper Started
2026-03-04 16:14:12 - Main - INFO - ==================================================
2026-03-04 16:14:13 - MainWindow - INFO - Application started
2026-03-04 16:14:25 - MainWindow - INFO - 🚀 Starting scraping for 1 queries
2026-03-04 16:14:25 - MainWindow - INFO - 📊 Settings: 2 results per query, 1 threads
2026-03-04 16:14:25 - WorkerPool - INFO - Starting 1 workers
2026-03-04 16:14:25 - Worker-0 - INFO - Worker 0 started
2026-03-04 16:14:25 - MainWindow - INFO - Started 1 worker threads for 1 queries
2026-03-04 16:14:25 - Worker-0 - INFO - Worker 0 processing: restaurants in New York
2026-03-04 16:14:25 - GoogleMapsScraper - INFO - Using Windows desktop user agent
2026-03-04 16:14:26 - GoogleMapsScraper - INFO - Browser initialized successfully
2026-03-04 16:14:26 - GoogleMapsScraper - INFO - Searching for: restaurants in New York
2026-03-04 16:14:33 - GoogleMapsScraper - INFO - Clicking consent button: button:has-text("Accept all")
2026-03-04 16:14:35 - GoogleMapsScraper - INFO - + New desktop interface loaded (with input[name='q'])
2026-03-04 16:14:35 - GoogleMapsScraper - INFO - + Found new search input: input[name="q"][role="combobox"]
2026-03-04 16:14:40 - GoogleMapsScraper - INFO - Search query submitted via new interface
2026-03-04 16:14:40 - GoogleMapsScraper - INFO - Waiting for search results to load...
2026-03-04 16:14:42 - GoogleMapsScraper - INFO - Results feed loaded
2026-03-04 16:14:46 - GoogleMapsScraper - INFO - Search completed successfully for: restaurants in New York
2026-03-04 16:14:46 - GoogleMapsScraper - INFO - Extracting up to 2 results
2026-03-04 16:14:46 - GoogleMapsScraper - INFO - Waiting for place listings...
2026-03-04 16:14:49 - GoogleMapsScraper - INFO - Place listings found
2026-03-04 16:14:50 - GoogleMapsScraper - INFO - Scrolling to load 2 results...
2026-03-04 16:14:50 - GoogleMapsScraper - INFO - Currently found: 8 listings
2026-03-04 16:14:50 - GoogleMapsScraper - INFO - Reached target of 2 listings
2026-03-04 16:14:50 - GoogleMapsScraper - INFO - Total found: 8, processing: 2
2026-03-04 16:14:50 - GoogleMapsScraper - INFO - Processing listing 1/2
2026-03-04 16:14:52 - GoogleMapsScraper - INFO - + Extracted: 230 Fifth Rooftop Bar
2026-03-04 16:14:52 - GoogleMapsScraper - INFO - Processing listing 2/2
2026-03-04 16:14:58 - GoogleMapsScraper - INFO - + Extracted: Sicily Osteria
2026-03-04 16:14:59 - GoogleMapsScraper - INFO - Successfully extracted 2 results
2026-03-04 16:14:59 - GoogleMapsScraper - INFO - Browser closed successfully
2026-03-04 16:14:59 - Worker-0 - INFO - Worker 0 completed: restaurants in New York
2026-03-04 16:14:59 - MainWindow - INFO - ✅ restaurants in New York: 2 results extracted
2026-03-04 16:14:59 - MainWindow - ERROR - ❌ Failed to save restaurants in New York results: type object 'DataExporter' has no attribute 'to_csv'
2026-03-04 16:22:30 - MainWindow - INFO - 🛑 Force stopping all workers...
2026-03-04 16:22:30 - WorkerPool - INFO - Stopping all workers (forced)
2026-03-04 16:22:30 - WorkerPool - INFO - All workers force-stopped (daemon threads)
2026-03-04 16:22:30 - MainWindow - INFO - ⏹️ Scraping force-stopped by user
2026-03-04 16:22:31 - Worker-0 - INFO - Worker 0 stopped
2026-03-04 16:25:12 - MainWindow - INFO - 🚀 Starting scraping for 1 queries
2026-03-04 16:25:12 - MainWindow - INFO - 📊 Settings: 2 results per query, 1 threads
2026-03-04 16:25:12 - WorkerPool - INFO - Starting 1 workers
2026-03-04 16:25:12 - Worker-0 - INFO - Worker 0 started
2026-03-04 16:25:12 - MainWindow - INFO - Started 1 worker threads for 1 queries
2026-03-04 16:25:12 - Worker-0 - INFO - Worker 0 processing: restaurants in New York
2026-03-04 16:25:12 - GoogleMapsScraper - INFO - Using Windows desktop user agent
2026-03-04 16:25:12 - GoogleMapsScraper - INFO - Browser initialized successfully
2026-03-04 16:25:12 - GoogleMapsScraper - INFO - Searching for: restaurants in New York
2026-03-04 16:25:21 - GoogleMapsScraper - INFO - Clicking consent button: button:has-text("Accept all")
2026-03-04 16:25:22 - GoogleMapsScraper - INFO - + New desktop interface loaded (with input[name='q'])
2026-03-04 16:25:22 - GoogleMapsScraper - INFO - + Found new search input: input[name="q"][role="combobox"]
2026-03-04 16:25:28 - GoogleMapsScraper - INFO - Search query submitted via new interface
2026-03-04 16:25:28 - GoogleMapsScraper - INFO - Waiting for search results to load...
2026-03-04 16:25:29 - GoogleMapsScraper - INFO - Results feed loaded
2026-03-04 16:25:34 - GoogleMapsScraper - INFO - Search completed successfully for: restaurants in New York
2026-03-04 16:25:34 - GoogleMapsScraper - INFO - Extracting up to 2 results
2026-03-04 16:25:34 - GoogleMapsScraper - INFO - Waiting for place listings...
2026-03-04 16:25:37 - GoogleMapsScraper - INFO - Place listings found
2026-03-04 16:25:38 - GoogleMapsScraper - INFO - Scrolling to load 2 results...
2026-03-04 16:25:38 - GoogleMapsScraper - INFO - Currently found: 8 listings
2026-03-04 16:25:38 - GoogleMapsScraper - INFO - Reached target of 2 listings
2026-03-04 16:25:38 - GoogleMapsScraper - INFO - Total found: 8, processing: 2
2026-03-04 16:25:38 - GoogleMapsScraper - INFO - Processing listing 1/2
2026-03-04 16:25:43 - GoogleMapsScraper - INFO - + Extracted: Eddie's Pizza
2026-03-04 16:25:44 - GoogleMapsScraper - INFO - Processing listing 2/2
2026-03-04 16:25:51 - GoogleMapsScraper - INFO - + Extracted: Sicily Osteria
2026-03-04 16:25:51 - GoogleMapsScraper - INFO - Successfully extracted 2 results
2026-03-04 16:25:52 - GoogleMapsScraper - INFO - Browser closed successfully
2026-03-04 16:25:52 - Worker-0 - INFO - Worker 0 completed: restaurants in New York
2026-03-04 16:25:52 - MainWindow - INFO - ✅ restaurants in New York: 2 results extracted
2026-03-04 16:25:52 - MainWindow - ERROR - ❌ Failed to save restaurants in New York results: type object 'DataExporter' has no attribute 'to_csv'
2026-03-04 16:25:53 - MainWindow - INFO - 🛑 Force stopping all workers...
2026-03-04 16:25:53 - WorkerPool - INFO - Stopping all workers (forced)
2026-03-04 16:25:53 - WorkerPool - INFO - All workers force-stopped (daemon threads)
2026-03-04 16:25:53 - MainWindow - INFO - ⏹️ Scraping force-stopped by user
2026-03-04 16:25:53 - MainWindow - INFO - Application closing
2026-03-04 16:25:54 - Main - INFO - Application closed
2026-03-04 16:25:54 - Worker-0 - INFO - Worker 0 stopped
